c:\users\brian\desktop\school\complier design\complier_project\complier_project\debug\complier_project.pch
c:\users\brian\desktop\school\complier design\complier_project\complier_project\debug\vc140.pdb
c:\users\brian\desktop\school\complier design\complier_project\complier_project\debug\vc140.idb
c:\users\brian\desktop\school\complier design\complier_project\complier_project\debug\stdafx.obj
c:\users\brian\desktop\school\complier design\complier_project\complier_project\debug\complier_project.obj
c:\users\brian\desktop\school\complier design\complier_project\complier_project\debug\expr.obj
c:\users\brian\desktop\school\complier design\complier_project\complier_project\debug\lexer.obj
c:\users\brian\desktop\school\complier design\complier_project\complier_project\debug\parser.obj
c:\users\brian\desktop\school\complier design\complier_project\complier_project\debug\stmt.obj
c:\users\brian\desktop\school\complier design\complier_project\complier_project\debug\token.obj
c:\users\brian\desktop\school\complier design\complier_project\complier_project\debug\type.obj
c:\users\brian\desktop\school\complier design\complier_project\debug\complier_project.pdb
c:\users\brian\desktop\school\complier design\complier_project\complier_project\debug\complier_project.tlog\cl.command.1.tlog
c:\users\brian\desktop\school\complier design\complier_project\complier_project\debug\complier_project.tlog\cl.read.1.tlog
c:\users\brian\desktop\school\complier design\complier_project\complier_project\debug\complier_project.tlog\cl.write.1.tlog
c:\users\brian\desktop\school\complier design\complier_project\complier_project\debug\complier_project.tlog\link-cvtres.read.1.tlog
c:\users\brian\desktop\school\complier design\complier_project\complier_project\debug\complier_project.tlog\link-cvtres.write.1.tlog
c:\users\brian\desktop\school\complier design\complier_project\complier_project\debug\complier_project.tlog\link-rc.read.1.tlog
c:\users\brian\desktop\school\complier design\complier_project\complier_project\debug\complier_project.tlog\link-rc.write.1.tlog
c:\users\brian\desktop\school\complier design\complier_project\complier_project\debug\complier_project.tlog\link.command.1.tlog
c:\users\brian\desktop\school\complier design\complier_project\complier_project\debug\complier_project.tlog\link.read.1.tlog
c:\users\brian\desktop\school\complier design\complier_project\complier_project\debug\complier_project.tlog\link.write.1.tlog
